{
    "count": 33,
    "items": [
        {
            "id": "bb4e1c36-6920-403c-ba9b-f4fd38a916be",
            "name": "fgaetano+test909@supportyourapp.com",
            "profilePictureUrl": "https://www.gravatar.com/avatar/da9db7bba99db4e2dd1d7a2e802fbe4d?d=https://ui-avatars.com/api/fgaetano+test909@supportyourapp.com/128/random",
            "email": "fgaetano+test909@supportyourapp.com",
            "sub": "bb4e1c36-6920-403c-ba9b-f4fd38a916be",
            "verified": null,
            "phoneNumber": null,
            "provider": "local",
            "mfaEnrolled": false,
            "metadata": null,
            "vendorMetadata": null,
            "tenantId": "tenant-id-sample",
            "createdAt": "2024-08-07T00:53:39.000Z",
            "isLocked": false,
            "tenants": [],
            "managedBy": "frontegg",
            "subAccountAccessAllowed": false,
            "activatedForTenant": false
        },
        {
            "id": "d6a9544c-cb98-4837-b2bb-c7fc35ac8188",
            "name": "fgaetano+t2e3335nantcreate4412@supportyourapp.com",
            "profilePictureUrl": "https://www.gravatar.com/avatar/2fb901a94769651accab4267bd59c2dd?d=https://ui-avatars.com/api/fgaetano+t2e3335nantcreate4412@supportyourapp.com/128/random",
            "email": "fgaetano+t2e3335nantcreate4412@supportyourapp.com",
            "sub": "d6a9544c-cb98-4837-b2bb-c7fc35ac8188",
            "verified": null,
            "phoneNumber": null,
            "provider": "local",
            "mfaEnrolled": false,
            "metadata": null,
            "vendorMetadata": null,
            "tenantIds": [
                "tenant-id-sample"
            ],
            "tenantId": "tenant-id-sample",
            "createdAt": "2024-08-07T00:45:59.000Z",
            "isLocked": false,
            "tenants": [
                {
                    "tenantId": "tenant-id-sample",
                    "temporaryExpirationDate": null,
                    "isDisabled": false
                }
            ],
            "managedBy": "frontegg",
            "subAccountAccessAllowed": false,
            "activatedForTenant": false
        },
        {
            "id": "6faa5232-0ca7-4a06-a05b-01699439773a",
            "name": "fgaetano+t2e5nantcreate4412@supportyourapp.com",
            "profilePictureUrl": "https://www.gravatar.com/avatar/a87e3bd83bb49cad3b0495ed12973882?d=https://ui-avatars.com/api/fgaetano+t2e5nantcreate4412@supportyourapp.com/128/random",
            "email": "fgaetano+t2e5nantcreate4412@supportyourapp.com",
            "sub": "6faa5232-0ca7-4a06-a05b-01699439773a",
            "verified": null,
            "phoneNumber": null,
            "provider": "local",
            "mfaEnrolled": false,
            "metadata": null,
            "vendorMetadata": null,
            "tenantIds": [
                "tenant-id-sample"
            ],
            "tenantId": "tenant-id-sample",
            "createdAt": "2024-08-07T00:44:47.000Z",
            "isLocked": false,
            "tenants": [
                {
                    "tenantId": "tenant-id-sample",
                    "temporaryExpirationDate": null,
                    "isDisabled": false
                }
            ],
            "managedBy": "frontegg",
            "subAccountAccessAllowed": false,
            "activatedForTenant": false
        },
        {
            "id": "bbda9a2a-39f5-4dda-a092-7f9df5a11060",
            "name": "fgaetano+t2e5nantcreate12@supportyourapp.com",
            "profilePictureUrl": "https://www.gravatar.com/avatar/5a20b16ed1f04e7d467ee74b525a2c2c?d=https://ui-avatars.com/api/fgaetano+t2e5nantcreate12@supportyourapp.com/128/random",
            "email": "fgaetano+t2e5nantcreate12@supportyourapp.com",
            "sub": "bbda9a2a-39f5-4dda-a092-7f9df5a11060",
            "verified": null,
            "phoneNumber": null,
            "provider": "local",
            "mfaEnrolled": false,
            "metadata": null,
            "vendorMetadata": null,
            "tenantIds": [
                "tenant-id-sample"
            ],
            "tenantId": "tenant-id-sample",
            "createdAt": "2024-08-07T00:44:04.000Z",
            "isLocked": false,
            "tenants": [
                {
                    "tenantId": "tenant-id-sample",
                    "temporaryExpirationDate": null,
                    "isDisabled": false
                }
            ],
            "managedBy": "frontegg",
            "subAccountAccessAllowed": false,
            "activatedForTenant": false
        },
        {
            "id": "8bf2ba15-c5be-4d9b-91bb-47c588f9c4c1",
            "name": "fgaetano+t2enantcreate12@supportyourapp.com",
            "profilePictureUrl": "https://www.gravatar.com/avatar/e2656ad0385ea0f7a33f902e4fb13445?d=https://ui-avatars.com/api/fgaetano+t2enantcreate12@supportyourapp.com/128/random",
            "email": "fgaetano+t2enantcreate12@supportyourapp.com",
            "sub": "8bf2ba15-c5be-4d9b-91bb-47c588f9c4c1",
            "verified": null,
            "phoneNumber": null,
            "provider": "local",
            "mfaEnrolled": false,
            "metadata": null,
            "vendorMetadata": null,
            "tenantIds": [
                "tenant-id-sample"
            ],
            "tenantId": "tenant-id-sample",
            "createdAt": "2024-08-07T00:42:23.000Z",
            "isLocked": false,
            "tenants": [
                {
                    "tenantId": "tenant-id-sample",
                    "temporaryExpirationDate": null,
                    "isDisabled": false
                }
            ],
            "managedBy": "frontegg",
            "subAccountAccessAllowed": false,
            "activatedForTenant": false
        },
        {
            "id": "58beb2c5-93a1-4482-ba80-044281c7a696",
            "name": "fgaetano+tenantcreate12@supportyourapp.com",
            "profilePictureUrl": "https://www.gravatar.com/avatar/f1c057106e4fb880158c3e3b248fa70e?d=https://ui-avatars.com/api/fgaetano+tenantcreate12@supportyourapp.com/128/random",
            "email": "fgaetano+tenantcreate12@supportyourapp.com",
            "sub": "58beb2c5-93a1-4482-ba80-044281c7a696",
            "verified": true,
            "phoneNumber": null,
            "provider": "local",
            "mfaEnrolled": false,
            "metadata": null,
            "vendorMetadata": null,
            "tenantIds": [
                "tenant-id-sample"
            ],
            "tenantId": "tenant-id-sample",
            "createdAt": "2024-08-07T00:40:42.000Z",
            "isLocked": false,
            "tenants": [
                {
                    "tenantId": "tenant-id-sample",
                    "temporaryExpirationDate": null,
                    "isDisabled": false
                }
            ],
            "managedBy": "frontegg",
            "subAccountAccessAllowed": false,
            "activatedForTenant": false
        },
        {
            "id": "25a62168-5983-4ca7-ab8c-9204778ff4f3",
            "name": "fgaetano+tenantcreate1@supportyourapp.com",
            "profilePictureUrl": "https://www.gravatar.com/avatar/14f5fba22ae87dc7d469f68fff9b4a03?d=https://ui-avatars.com/api/fgaetano+tenantcreate1@supportyourapp.com/128/random",
            "email": "fgaetano+tenantcreate1@supportyourapp.com",
            "sub": "25a62168-5983-4ca7-ab8c-9204778ff4f3",
            "verified": null,
            "phoneNumber": null,
            "provider": "local",
            "mfaEnrolled": false,
            "metadata": null,
            "vendorMetadata": null,
            "tenantIds": [
                "tenant-id-sample"
            ],
            "tenantId": "tenant-id-sample",
            "createdAt": "2024-08-07T00:40:10.000Z",
            "isLocked": false,
            "tenants": [
                {
                    "tenantId": "tenant-id-sample",
                    "temporaryExpirationDate": null,
                    "isDisabled": false
                }
            ],
            "managedBy": "frontegg",
            "subAccountAccessAllowed": false,
            "activatedForTenant": false
        },
        {
            "id": "4c464cdc-a64e-4c17-a4e7-1e580c8c0432",
            "name": "fgaetano+tenantcreate@supportyourapp.com",
            "profilePictureUrl": "https://www.gravatar.com/avatar/b07d5e1247019ff05fa417bc140d1dfa?d=https://ui-avatars.com/api/fgaetano+tenantcreate@supportyourapp.com/128/random",
            "email": "fgaetano+tenantcreate@supportyourapp.com",
            "sub": "4c464cdc-a64e-4c17-a4e7-1e580c8c0432",
            "verified": null,
            "phoneNumber": null,
            "provider": "local",
            "mfaEnrolled": false,
            "metadata": null,
            "vendorMetadata": null,
            "tenantIds": [
                "tenant-id-sample"
            ],
            "tenantId": "tenant-id-sample",
            "createdAt": "2024-08-07T00:39:54.000Z",
            "isLocked": false,
            "tenants": [
                {
                    "tenantId": "tenant-id-sample",
                    "temporaryExpirationDate": null,
                    "isDisabled": false
                }
            ],
            "managedBy": "frontegg",
            "subAccountAccessAllowed": false,
            "activatedForTenant": false
        },
        {
            "id": "bef1ee89-b10f-4c24-9a9e-84fd882e2f09",
            "name": "akasymova+147@supportyourapp.com",
            "profilePictureUrl": "https://www.gravatar.com/avatar/cc5f0a546675d6280444c236ced64013?d=https://ui-avatars.com/api/akasymova+147@supportyourapp.com/128/random",
            "email": "akasymova+147@supportyourapp.com",
            "sub": "bef1ee89-b10f-4c24-9a9e-84fd882e2f09",
            "verified": true,
            "phoneNumber": null,
            "provider": "local",
            "mfaEnrolled": false,
            "metadata": null,
            "vendorMetadata": null,
            "tenantIds": [
                "e25d7aa2-bf8c-4c54-9387-ae2119783160"
            ],
            "tenantId": "e25d7aa2-bf8c-4c54-9387-ae2119783160",
            "createdAt": "2024-08-06T11:10:28.000Z",
            "isLocked": false,
            "tenants": [
                {
                    "tenantId": "e25d7aa2-bf8c-4c54-9387-ae2119783160",
                    "temporaryExpirationDate": null,
                    "isDisabled": false
                }
            ],
            "managedBy": "frontegg",
            "subAccountAccessAllowed": false,
            "activatedForTenant": false
        },
        {
            "id": "da476ff7-b8b3-4298-9bba-5282b4560e57",
            "name": "Aidai Kasymova",
            "profilePictureUrl": "https://lh3.googleusercontent.com/a/ACg8ocLiKigAeRa7oVdVde_vS-WmSEDsXBr1VqVQ6uBUnJQRlEh9aw=s96-c",
            "email": "aidai.kasy@support.frontegg.com",
            "sub": "da476ff7-b8b3-4298-9bba-5282b4560e57",
            "verified": true,
            "phoneNumber": null,
            "provider": "google",
            "mfaEnrolled": false,
            "metadata": "{}",
            "vendorMetadata": null,
            "tenantIds": [
                "041c9203-76f1-4cfa-9d10-fa5dc24e9e25"
            ],
            "tenantId": "041c9203-76f1-4cfa-9d10-fa5dc24e9e25",
            "createdAt": "2024-08-06T04:43:24.000Z",
            "isLocked": false,
            "tenants": [
                {
                    "tenantId": "041c9203-76f1-4cfa-9d10-fa5dc24e9e25",
                    "temporaryExpirationDate": null,
                    "isDisabled": false
                }
            ],
            "managedBy": "frontegg",
            "subAccountAccessAllowed": false,
            "activatedForTenant": false
        },
        {
            "id": "c717ee2b-505d-402b-999c-86fb7ebf1659",
            "name": "oldTenettodelete1",
            "profilePictureUrl": "https://www.gravatar.com/avatar/40b1021109b083e9a08427a828d8d8e1?d=https://ui-avatars.com/api/oldTenettodelete1/128/random",
            "email": "fgaetano+testoldT@supportyourapp.com",
            "sub": "c717ee2b-505d-402b-999c-86fb7ebf1659",
            "verified": null,
            "phoneNumber": null,
            "provider": "local",
            "mfaEnrolled": false,
            "metadata": "{\"lastTermsCheck\":\"2024-08-03T16:45:04.892Z\"}",
            "vendorMetadata": null,
            "tenantIds": [
                "561b315f-8fcc-4a50-bb53-53e16349bd57"
            ],
            "tenantId": "561b315f-8fcc-4a50-bb53-53e16349bd57",
            "createdAt": "2024-08-03T16:45:05.000Z",
            "isLocked": false,
            "tenants": [
                {
                    "tenantId": "561b315f-8fcc-4a50-bb53-53e16349bd57",
                    "temporaryExpirationDate": null,
                    "isDisabled": false
                }
            ],
            "managedBy": "frontegg",
            "subAccountAccessAllowed": false,
            "activatedForTenant": false
        },
        {
            "id": "2c215d5a-7fa8-4715-be0a-02d8e7a81b1a",
            "name": "oldTenettodelete",
            "profilePictureUrl": "https://www.gravatar.com/avatar/b98273309b7cc24df2b422756422a2e9?d=https://ui-avatars.com/api/oldTenettodelete/128/random",
            "email": "fgaetano+testWH@supportyourapp.com",
            "sub": "2c215d5a-7fa8-4715-be0a-02d8e7a81b1a",
            "verified": null,
            "phoneNumber": null,
            "provider": "local",
            "mfaEnrolled": false,
            "metadata": "{\"lastTermsCheck\":\"2024-08-03T16:44:18.650Z\"}",
            "vendorMetadata": null,
            "tenantIds": [
                "041c9203-76f1-4cfa-9d10-fa5dc24e9e25"
            ],
            "tenantId": "041c9203-76f1-4cfa-9d10-fa5dc24e9e25",
            "createdAt": "2024-08-03T16:44:20.000Z",
            "isLocked": false,
            "tenants": [
                {
                    "tenantId": "041c9203-76f1-4cfa-9d10-fa5dc24e9e25",
                    "temporaryExpirationDate": null,
                    "isDisabled": false
                }
            ],
            "managedBy": "frontegg",
            "subAccountAccessAllowed": false,
            "activatedForTenant": false
        },
        {
            "id": "b27a7e7e-ec26-42bf-8311-79acec0df011",
            "name": "webhook",
            "profilePictureUrl": "https://www.gravatar.com/avatar/edfbdfc60a08d9502eec33c5d970272e?d=https://ui-avatars.com/api/webhook/128/random",
            "email": "fgaetano+webhook@supportyourapp.com",
            "sub": "b27a7e7e-ec26-42bf-8311-79acec0df011",
            "verified": true,
            "phoneNumber": null,
            "provider": "local",
            "mfaEnrolled": false,
            "metadata": "{\"lastTermsCheck\":\"2024-08-03T16:32:45.420Z\"}",
            "vendorMetadata": null,
            "tenantIds": [
                "561b315f-8fcc-4a50-bb53-53e16349bd57"
            ],
            "tenantId": "561b315f-8fcc-4a50-bb53-53e16349bd57",
            "createdAt": "2024-08-03T16:31:08.000Z",
            "isLocked": false,
            "tenants": [
                {
                    "tenantId": "561b315f-8fcc-4a50-bb53-53e16349bd57",
                    "temporaryExpirationDate": null,
                    "isDisabled": false
                }
            ],
            "managedBy": "frontegg",
            "subAccountAccessAllowed": false,
            "activatedForTenant": false
        },
        {
            "id": "17994735-2cfb-4859-b631-2a460b231e76",
            "name": "admin acc",
            "profilePictureUrl": "https://www.gravatar.com/avatar/c7801615f56cfbd280ce8d35468ae4f0?d=https://ui-avatars.com/api/admin+acc/128/random",
            "email": "fgaetano+admin@supportyourapp.com",
            "sub": "17994735-2cfb-4859-b631-2a460b231e76",
            "verified": true,
            "phoneNumber": null,
            "provider": "local",
            "mfaEnrolled": false,
            "metadata": "{\"lastTermsCheck\":\"2024-08-02T17:43:30.006Z\"}",
            "vendorMetadata": null,
            "tenantIds": [
                "5916cc47-c082-4218-90e7-a0cbff299959"
            ],
            "tenantId": "5916cc47-c082-4218-90e7-a0cbff299959",
            "createdAt": "2024-08-02T17:43:30.000Z",
            "isLocked": false,
            "tenants": [
                {
                    "tenantId": "5916cc47-c082-4218-90e7-a0cbff299959",
                    "temporaryExpirationDate": null,
                    "isDisabled": false
                }
            ],
            "managedBy": "frontegg",
            "subAccountAccessAllowed": false,
            "activatedForTenant": false
        },
        {
            "id": "6b36188e-2088-409a-a787-1cd81ed98d4f",
            "name": "testPN",
            "profilePictureUrl": "https://www.gravatar.com/avatar/c159b8361e398ed6d3b809d1ea4ce133?d=https://ui-avatars.com/api/testPN/128/random",
            "email": "fgaetano+001@supportyourapp.com",
            "sub": "6b36188e-2088-409a-a787-1cd81ed98d4f",
            "verified": true,
            "phoneNumber": null,
            "provider": "local",
            "mfaEnrolled": false,
            "metadata": "{\"lastTermsCheck\":\"2024-08-02T17:09:38.691Z\"}",
            "vendorMetadata": null,
            "tenantIds": [
                "561b315f-8fcc-4a50-bb53-53e16349bd57",
                "2021a2e3-b912-4649-9fbd-a040ad864c68"
            ],
            "tenantId": "2021a2e3-b912-4649-9fbd-a040ad864c68",
            "createdAt": "2024-08-02T17:09:39.000Z",
            "isLocked": false,
            "tenants": [
                {
                    "tenantId": "561b315f-8fcc-4a50-bb53-53e16349bd57",
                    "temporaryExpirationDate": null,
                    "isDisabled": false
                },
                {
                    "tenantId": "2021a2e3-b912-4649-9fbd-a040ad864c68",
                    "temporaryExpirationDate": null,
                    "isDisabled": false
                }
            ],
            "managedBy": "frontegg",
            "subAccountAccessAllowed": false,
            "activatedForTenant": false
        },
        {
            "id": "69518a75-afe1-4b1f-b894-d4f581dd8576",
            "name": "test1",
            "profilePictureUrl": "https://www.gravatar.com/avatar/d1ebf7ccc3f91d3b7330b65a468380da?d=https://ui-avatars.com/api/test1/128/random",
            "email": "df_jd1k_sd@something.de",
            "sub": "69518a75-afe1-4b1f-b894-d4f581dd8576",
            "verified": null,
            "phoneNumber": null,
            "provider": "local",
            "mfaEnrolled": false,
            "metadata": "{\"lastTermsCheck\":\"2024-08-02T14:33:31.180Z\"}",
            "vendorMetadata": null,
            "tenantIds": [
                "561b315f-8fcc-4a50-bb53-53e16349bd57",
                "d4ee5b91-8957-4d53-9390-23cd691cbc1a"
            ],
            "tenantId": "d4ee5b91-8957-4d53-9390-23cd691cbc1a",
            "createdAt": "2024-08-02T14:33:31.000Z",
            "isLocked": false,
            "tenants": [
                {
                    "tenantId": "561b315f-8fcc-4a50-bb53-53e16349bd57",
                    "temporaryExpirationDate": null,
                    "isDisabled": false
                },
                {
                    "tenantId": "d4ee5b91-8957-4d53-9390-23cd691cbc1a",
                    "temporaryExpirationDate": null,
                    "isDisabled": false
                }
            ],
            "managedBy": "frontegg",
            "subAccountAccessAllowed": false,
            "activatedForTenant": false
        },
        {
            "id": "827f6a29-3c74-4a9a-bc82-1bb0891db8be",
            "name": "test",
            "profilePictureUrl": "https://www.gravatar.com/avatar/2a6f2ce6cd59b43075961bb8c80b59d4?d=https://ui-avatars.com/api/test/128/random",
            "email": "fgaetano+df_jdk_sd@supportyourapp.com",
            "sub": "827f6a29-3c74-4a9a-bc82-1bb0891db8be",
            "verified": true,
            "phoneNumber": null,
            "provider": "local",
            "mfaEnrolled": false,
            "metadata": "{\"lastTermsCheck\":\"2024-08-02T14:30:21.558Z\"}",
            "vendorMetadata": null,
            "tenantIds": [
                "b0cc5987-40fb-4c07-ac8e-3163c2271a6f",
                "561b315f-8fcc-4a50-bb53-53e16349bd57"
            ],
            "tenantId": "b0cc5987-40fb-4c07-ac8e-3163c2271a6f",
            "createdAt": "2024-08-02T14:30:22.000Z",
            "isLocked": false,
            "tenants": [
                {
                    "tenantId": "b0cc5987-40fb-4c07-ac8e-3163c2271a6f",
                    "temporaryExpirationDate": null,
                    "isDisabled": false
                },
                {
                    "tenantId": "561b315f-8fcc-4a50-bb53-53e16349bd57",
                    "temporaryExpirationDate": null,
                    "isDisabled": false
                }
            ],
            "managedBy": "frontegg",
            "subAccountAccessAllowed": false,
            "activatedForTenant": false
        },
        {
            "id": "675a71c2-f4df-4372-aa1d-4367c7298534",
            "name": "kasymaidai+new@gmail.com",
            "profilePictureUrl": "https://www.gravatar.com/avatar/f369cbccec9106b3211f05605c481635?d=https://ui-avatars.com/api/kasymaidai+new@gmail.com/128/random",
            "email": "kasymaidai+new@gmail.com",
            "sub": "675a71c2-f4df-4372-aa1d-4367c7298534",
            "verified": null,
            "phoneNumber": null,
            "provider": "local",
            "mfaEnrolled": false,
            "metadata": null,
            "vendorMetadata": null,
            "tenantIds": [
                "e7c3c603-bcda-4202-bcab-97b3db0c95dc"
            ],
            "tenantId": "e7c3c603-bcda-4202-bcab-97b3db0c95dc",
            "createdAt": "2024-08-02T10:58:03.000Z",
            "isLocked": false,
            "tenants": [
                {
                    "tenantId": "e7c3c603-bcda-4202-bcab-97b3db0c95dc",
                    "temporaryExpirationDate": null,
                    "isDisabled": false
                }
            ],
            "managedBy": "frontegg",
            "subAccountAccessAllowed": false,
            "activatedForTenant": false
        },
        {
            "id": "a0006f30-0614-403a-bba3-e4ea0efa315b",
            "name": "kasymaidai@gmail.com",
            "profilePictureUrl": "https://www.gravatar.com/avatar/f3cdd5754705d4a085b1b1f1757efa7d?d=https://ui-avatars.com/api/kasymaidai@gmail.com/128/random",
            "email": "kasymaidai@gmail.com",
            "sub": "a0006f30-0614-403a-bba3-e4ea0efa315b",
            "verified": null,
            "phoneNumber": null,
            "provider": "local",
            "mfaEnrolled": false,
            "metadata": null,
            "vendorMetadata": null,
            "tenantIds": [
                "b5564588-0fb0-433e-b2a8-882c73718dcd"
            ],
            "tenantId": "b5564588-0fb0-433e-b2a8-882c73718dcd",
            "createdAt": "2024-08-02T10:52:23.000Z",
            "isLocked": false,
            "tenants": [
                {
                    "tenantId": "b5564588-0fb0-433e-b2a8-882c73718dcd",
                    "temporaryExpirationDate": null,
                    "isDisabled": false
                }
            ],
            "managedBy": "frontegg",
            "subAccountAccessAllowed": false,
            "activatedForTenant": false
        },
        {
            "id": "929ae51f-0fc0-4cfb-a0be-a49ad0369a6a",
            "name": "Aidai Kasymova",
            "profilePictureUrl": "https://lh3.googleusercontent.com/a/ACg8ocJIlEuAWI90vETl9MpMqeS2LSMnNrSZHyu5GQb5En5I6e28no8=s96-c",
            "email": "akasymova@supportyourapp.com",
            "sub": "929ae51f-0fc0-4cfb-a0be-a49ad0369a6a",
            "verified": true,
            "phoneNumber": null,
            "provider": "google",
            "mfaEnrolled": false,
            "metadata": "{}",
            "vendorMetadata": null,
            "tenantIds": [
                "b5564588-0fb0-433e-b2a8-882c73718dcd"
            ],
            "tenantId": "b5564588-0fb0-433e-b2a8-882c73718dcd",
            "createdAt": "2024-08-02T08:24:58.000Z",
            "isLocked": false,
            "tenants": [
                {
                    "tenantId": "b5564588-0fb0-433e-b2a8-882c73718dcd",
                    "temporaryExpirationDate": null,
                    "isDisabled": false
                }
            ],
            "managedBy": "frontegg",
            "subAccountAccessAllowed": false,
            "activatedForTenant": false
        },
        {
            "id": "96d17c77-963b-4fb1-b566-515038ac1745",
            "name": "123123",
            "profilePictureUrl": "https://www.gravatar.com/avatar/a166b8f730bb229ec6173d845cfa7c0c?d=https://ui-avatars.com/api/123123/128/random",
            "email": "fgaetano+123123@supportyourapp.com",
            "sub": "96d17c77-963b-4fb1-b566-515038ac1745",
            "verified": null,
            "phoneNumber": null,
            "provider": "local",
            "mfaEnrolled": false,
            "metadata": "{\"lastTermsCheck\":\"2024-07-30T18:49:16.294Z\"}",
            "vendorMetadata": null,
            "tenantIds": [
                "e7c3c603-bcda-4202-bcab-97b3db0c95dc"
            ],
            "tenantId": "e7c3c603-bcda-4202-bcab-97b3db0c95dc",
            "createdAt": "2024-07-30T18:49:17.000Z",
            "isLocked": true,
            "tenants": [
                {
                    "tenantId": "e7c3c603-bcda-4202-bcab-97b3db0c95dc",
                    "temporaryExpirationDate": null,
                    "isDisabled": false
                }
            ],
            "managedBy": "frontegg",
            "subAccountAccessAllowed": false,
            "activatedForTenant": false
        },
        {
            "id": "4e34ccd9-38fc-45de-9b7a-a21a56c9ee21",
            "name": "testph2",
            "profilePictureUrl": "https://www.gravatar.com/avatar/a20d638451b5a9493b88c9a0acf57590?d=https://ui-avatars.com/api/testph2/128/random",
            "email": "fgaetano+testph2@supportyourapp.com",
            "sub": "4e34ccd9-38fc-45de-9b7a-a21a56c9ee21",
            "verified": null,
            "phoneNumber": null,
            "provider": "local",
            "mfaEnrolled": false,
            "metadata": "{\"lastTermsCheck\":\"2024-07-30T18:18:56.912Z\"}",
            "vendorMetadata": null,
            "tenantIds": [
                "0a9fb25c-bbc6-40c4-a0db-304ce09b76a4"
            ],
            "tenantId": "0a9fb25c-bbc6-40c4-a0db-304ce09b76a4",
            "createdAt": "2024-07-30T18:18:58.000Z",
            "isLocked": false,
            "tenants": [
                {
                    "tenantId": "0a9fb25c-bbc6-40c4-a0db-304ce09b76a4",
                    "temporaryExpirationDate": null,
                    "isDisabled": false
                }
            ],
            "managedBy": "frontegg",
            "subAccountAccessAllowed": false,
            "activatedForTenant": false
        },
        {
            "id": "e5bc321f-e5da-49dc-9f77-d46dbc91bb9b",
            "name": "testph1",
            "profilePictureUrl": "https://www.gravatar.com/avatar/28a65defe046e8aa709579956d252a1c?d=https://ui-avatars.com/api/testph1/128/random",
            "email": "fgaetano+testph1@supportyourapp.com",
            "sub": "e5bc321f-e5da-49dc-9f77-d46dbc91bb9b",
            "verified": null,
            "phoneNumber": null,
            "provider": "local",
            "mfaEnrolled": false,
            "metadata": "{\"lastTermsCheck\":\"2024-07-30T18:18:01.664Z\"}",
            "vendorMetadata": null,
            "tenantIds": [
                "1843beec-b9bb-490a-9279-bb205984cf63"
            ],
            "tenantId": "1843beec-b9bb-490a-9279-bb205984cf63",
            "createdAt": "2024-07-30T18:18:02.000Z",
            "isLocked": false,
            "tenants": [
                {
                    "tenantId": "1843beec-b9bb-490a-9279-bb205984cf63",
                    "temporaryExpirationDate": null,
                    "isDisabled": false
                }
            ],
            "managedBy": "frontegg",
            "subAccountAccessAllowed": false,
            "activatedForTenant": false
        },
        {
            "id": "de1ec8eb-12ea-4c51-9b1f-060bb75cef58",
            "name": "testph",
            "profilePictureUrl": "https://www.gravatar.com/avatar/18197ebced5be7aa9da8e1ad77efe405?d=https://ui-avatars.com/api/testph/128/random",
            "email": "fgaetano+testph@supportyourapp.com",
            "sub": "de1ec8eb-12ea-4c51-9b1f-060bb75cef58",
            "verified": null,
            "phoneNumber": null,
            "provider": "local",
            "mfaEnrolled": false,
            "metadata": "{\"lastTermsCheck\":\"2024-07-30T18:16:06.214Z\"}",
            "vendorMetadata": null,
            "tenantIds": [
                "4550ef6e-adc7-42f7-aa91-8451f370a3f9"
            ],
            "tenantId": "4550ef6e-adc7-42f7-aa91-8451f370a3f9",
            "createdAt": "2024-07-30T18:16:07.000Z",
            "isLocked": false,
            "tenants": [
                {
                    "tenantId": "4550ef6e-adc7-42f7-aa91-8451f370a3f9",
                    "temporaryExpirationDate": null,
                    "isDisabled": false
                }
            ],
            "managedBy": "frontegg",
            "subAccountAccessAllowed": false,
            "activatedForTenant": false
        },
        {
            "id": "41b77a4d-a60b-4d94-b63e-03b5404c0d00",
            "name": "set pwd sample",
            "profilePictureUrl": "https://www.gravatar.com/avatar/9a127b2e5c509fc1d218275bfc349d65?d=https://ui-avatars.com/api/set+pwd+sample/128/random",
            "email": "fgaetano+setpwdsample@supportyourapp.com",
            "sub": "41b77a4d-a60b-4d94-b63e-03b5404c0d00",
            "verified": null,
            "phoneNumber": null,
            "provider": "local",
            "mfaEnrolled": false,
            "metadata": "{\"lastTermsCheck\":\"2024-07-29T16:52:18.329Z\"}",
            "vendorMetadata": null,
            "tenantIds": [
                "561b315f-8fcc-4a50-bb53-53e16349bd57"
            ],
            "tenantId": "561b315f-8fcc-4a50-bb53-53e16349bd57",
            "createdAt": "2024-07-29T16:52:18.000Z",
            "isLocked": false,
            "tenants": [
                {
                    "tenantId": "561b315f-8fcc-4a50-bb53-53e16349bd57",
                    "temporaryExpirationDate": null,
                    "isDisabled": false
                }
            ],
            "managedBy": "frontegg",
            "subAccountAccessAllowed": false,
            "activatedForTenant": false
        },
        {
            "id": "b3555af4-f2fb-4601-ba1c-5b8555794897",
            "name": "Cernautan",
            "profilePictureUrl": "https://www.gravatar.com/avatar/da398461e6da1e2ed180e886b0829380?d=https://ui-avatars.com/api/Cernautan/128/random",
            "email": "adelina_adelin9@yahoo.com",
            "sub": "b3555af4-f2fb-4601-ba1c-5b8555794897",
            "verified": null,
            "phoneNumber": null,
            "provider": "local",
            "mfaEnrolled": false,
            "metadata": null,
            "vendorMetadata": null,
            "tenantIds": [
                "952783fa-289d-45eb-bd23-58955e19584a"
            ],
            "tenantId": "952783fa-289d-45eb-bd23-58955e19584a",
            "createdAt": "2024-02-26T15:31:55.000Z",
            "isLocked": false,
            "tenants": [
                {
                    "tenantId": "952783fa-289d-45eb-bd23-58955e19584a",
                    "temporaryExpirationDate": null,
                    "isDisabled": false
                }
            ],
            "managedBy": "frontegg",
            "subAccountAccessAllowed": false,
            "activatedForTenant": false
        },
        {
            "id": "c68fa2dc-85fd-4fdc-9e21-2ba592c2fbaa",
            "name": "Adelin Cernautan",
            "profilePictureUrl": "https://www.gravatar.com/avatar/9c503dcc2e74fa060542efcb7a09b992?d=https://ui-avatars.com/api/Adelin+Cernautan/128/random",
            "email": "varanudorm62@gmail.com",
            "sub": "c68fa2dc-85fd-4fdc-9e21-2ba592c2fbaa",
            "verified": true,
            "phoneNumber": null,
            "provider": "saml",
            "mfaEnrolled": false,
            "metadata": "{\"lastTermsCheck\":\"2024-01-10T20:42:28.701Z\"}",
            "vendorMetadata": null,
            "tenantIds": [
                "952783fa-289d-45eb-bd23-58955e19584a"
            ],
            "tenantId": "952783fa-289d-45eb-bd23-58955e19584a",
            "createdAt": "2024-01-10T20:42:29.000Z",
            "isLocked": false,
            "tenants": [
                {
                    "tenantId": "952783fa-289d-45eb-bd23-58955e19584a",
                    "temporaryExpirationDate": null,
                    "isDisabled": false
                }
            ],
            "managedBy": "frontegg",
            "subAccountAccessAllowed": false,
            "superUser": true,
            "activatedForTenant": false
        },
        {
            "id": "a8e31ecf-3717-4827-b0f4-ec2532ecf831",
            "name": "Bogdan Test1",
            "profilePictureUrl": "https://www.gravatar.com/avatar/95268a2dca4dd5e2f715a6005d3f0508?d=https://ui-avatars.com/api/Bogdan+Test1/128/random",
            "email": "bpecanac+5@supportyourapp.com",
            "sub": "a8e31ecf-3717-4827-b0f4-ec2532ecf831",
            "verified": null,
            "phoneNumber": null,
            "provider": "local",
            "mfaEnrolled": false,
            "metadata": null,
            "vendorMetadata": null,
            "tenantIds": [
                "2cf1bda9-bad6-4101-a403-f1c4d2772a59"
            ],
            "tenantId": "2cf1bda9-bad6-4101-a403-f1c4d2772a59",
            "createdAt": "2023-09-13T08:08:04.000Z",
            "isLocked": false,
            "tenants": [
                {
                    "tenantId": "2cf1bda9-bad6-4101-a403-f1c4d2772a59",
                    "temporaryExpirationDate": null,
                    "isDisabled": false
                }
            ],
            "managedBy": "frontegg",
            "subAccountAccessAllowed": false,
            "activatedForTenant": false
        },
        {
            "id": "919c85c3-5302-48e3-8884-662bbcc1ba7e",
            "name": "Erman Gozubuyukogullari New Tenant-2",
            "profilePictureUrl": "https://www.gravatar.com/avatar/a9908cd7297a97208d305939bdb9baa3?d=https://ui-avatars.com/api/Erman+Gozubuyukogullari+New+Tenant-2/128/random",
            "email": "mgozubuyukogullari+41@supportyourapp.com",
            "sub": "919c85c3-5302-48e3-8884-662bbcc1ba7e",
            "verified": true,
            "phoneNumber": null,
            "provider": "local",
            "mfaEnrolled": false,
            "metadata": "{\"lastTermsCheck\":\"2023-04-23T09:30:07.630Z\"}",
            "vendorMetadata": null,
            "tenantIds": [
                "5a17222a-7c20-4eab-b9a6-608af32809f2"
            ],
            "tenantId": "5a17222a-7c20-4eab-b9a6-608af32809f2",
            "createdAt": "2023-04-23T09:29:41.000Z",
            "isLocked": false,
            "tenants": [
                {
                    "tenantId": "5a17222a-7c20-4eab-b9a6-608af32809f2",
                    "temporaryExpirationDate": null,
                    "isDisabled": false
                }
            ],
            "managedBy": "frontegg",
            "subAccountAccessAllowed": false,
            "activatedForTenant": false
        },
        {
            "id": "44f57c85-d1ff-49ea-8a60-bb731bacae92",
            "name": "Erman New Tenant-1 user",
            "profilePictureUrl": "https://www.gravatar.com/avatar/91c0613d99c76039022ba62335e6cf57?d=https://ui-avatars.com/api/Erman+New+Tenant-1+user/128/random",
            "email": "mgozubuyukogullari+40@supportyourapp.com",
            "sub": "44f57c85-d1ff-49ea-8a60-bb731bacae92",
            "verified": true,
            "phoneNumber": null,
            "provider": "local",
            "mfaEnrolled": false,
            "metadata": "{\"lastTermsCheck\":\"2023-04-23T09:27:17.069Z\"}",
            "vendorMetadata": null,
            "tenantIds": [
                "51e731ee-891e-4d85-a4e2-5b28901d9379",
                "5a17222a-7c20-4eab-b9a6-608af32809f2"
            ],
            "tenantId": "5a17222a-7c20-4eab-b9a6-608af32809f2",
            "createdAt": "2023-04-23T09:26:25.000Z",
            "isLocked": false,
            "tenants": [
                {
                    "tenantId": "51e731ee-891e-4d85-a4e2-5b28901d9379",
                    "temporaryExpirationDate": null,
                    "isDisabled": false
                },
                {
                    "tenantId": "5a17222a-7c20-4eab-b9a6-608af32809f2",
                    "temporaryExpirationDate": null,
                    "isDisabled": false
                }
            ],
            "managedBy": "frontegg",
            "subAccountAccessAllowed": false,
            "activatedForTenant": false
        },
        {
            "id": "7dc45554-96e5-42bc-ac04-b4e7bb9b2008",
            "name": "Erman G.",
            "profilePictureUrl": "https://www.gravatar.com/avatar/71b08884193834232262edecfad137f0?d=https://ui-avatars.com/api/Erman+G./128/random",
            "email": "mgozubuyukogullari+36@supportyourapp.com",
            "sub": "7dc45554-96e5-42bc-ac04-b4e7bb9b2008",
            "verified": true,
            "phoneNumber": null,
            "provider": "local",
            "mfaEnrolled": false,
            "metadata": "{\"lastTermsCheck\":\"2023-04-23T09:15:08.815Z\"}",
            "vendorMetadata": null,
            "tenantIds": [
                "b68f21a0-cbea-4582-a3a7-36b52f2869b1"
            ],
            "tenantId": "b68f21a0-cbea-4582-a3a7-36b52f2869b1",
            "createdAt": "2023-04-23T09:14:33.000Z",
            "isLocked": false,
            "tenants": [
                {
                    "tenantId": "b68f21a0-cbea-4582-a3a7-36b52f2869b1",
                    "temporaryExpirationDate": null,
                    "isDisabled": false
                }
            ],
            "managedBy": "frontegg",
            "subAccountAccessAllowed": false,
            "activatedForTenant": false
        },
        {
            "id": "6a66a00e-cc46-40ef-a4b1-cdf32e536856",
            "name": "Erman",
            "profilePictureUrl": "https://www.gravatar.com/avatar/2635a2d58a9be68019e51cc2b4598a43?d=https://ui-avatars.com/api/Erman/128/random",
            "email": "mgozubuyukogullari+35@supportyourapp.com",
            "sub": "6a66a00e-cc46-40ef-a4b1-cdf32e536856",
            "verified": true,
            "phoneNumber": null,
            "provider": "local",
            "mfaEnrolled": false,
            "metadata": "{\"lastTermsCheck\":\"2023-04-23T08:35:12.932Z\"}",
            "vendorMetadata": null,
            "tenantIds": [
                "b68f21a0-cbea-4582-a3a7-36b52f2869b1"
            ],
            "tenantId": "b68f21a0-cbea-4582-a3a7-36b52f2869b1",
            "createdAt": "2023-04-23T08:34:38.000Z",
            "isLocked": false,
            "tenants": [
                {
                    "tenantId": "b68f21a0-cbea-4582-a3a7-36b52f2869b1",
                    "temporaryExpirationDate": null,
                    "isDisabled": false
                }
            ],
            "managedBy": "frontegg",
            "subAccountAccessAllowed": false,
            "activatedForTenant": false
        },
        {
            "id": "558aa6cc-7a7c-4ea2-b28c-304acea09412",
            "name": "Erman G.",
            "profilePictureUrl": "https://www.gravatar.com/avatar/371241eee8fa7501d6a9d0dc7d6cab72?d=https://ui-avatars.com/api/Erman+G./128/random",
            "email": "mgozubuyukogullari@supportyourapp.com",
            "sub": "558aa6cc-7a7c-4ea2-b28c-304acea09412",
            "verified": true,
            "phoneNumber": null,
            "provider": "local",
            "mfaEnrolled": false,
            "metadata": "{\"lastTermsCheck\":\"2023-04-23T08:33:24.565Z\"}",
            "vendorMetadata": null,
            "tenantIds": [
                "b68f21a0-cbea-4582-a3a7-36b52f2869b1"
            ],
            "tenantId": "b68f21a0-cbea-4582-a3a7-36b52f2869b1",
            "createdAt": "2023-04-23T08:32:24.000Z",
            "isLocked": false,
            "tenants": [
                {
                    "tenantId": "b68f21a0-cbea-4582-a3a7-36b52f2869b1",
                    "temporaryExpirationDate": null,
                    "isDisabled": false
                }
            ],
            "managedBy": "frontegg",
            "subAccountAccessAllowed": false,
            "activatedForTenant": false
        }
    ]
}

Final result:

{'count': 33, 'items': [{'id': 'bb4e1c36-6920-403c-ba9b-f4fd38a916be', 'name': 'fgaetano+test909@supportyourapp.com', 'profilePictureUrl': 'https://www.gravatar.com/avatar/da9db7bba99db4e2dd1d7a2e802fbe4d?d=https://ui-avatars.com/api/fgaetano+test909@supportyourapp.com/128/random', 'email': 'fgaetano+test909@supportyourapp.com', 'sub': 'bb4e1c36-6920-403c-ba9b-f4fd38a916be', 'verified': None, 'phoneNumber': None, 'provider': 'local', 'mfaEnrolled': False, 'metadata': None, 'vendorMetadata': None, 'tenantId': 'tenant-id-sample', 'createdAt': '2024-08-07T00:53:39.000Z', 'isLocked': False, 'tenants': [], 'managedBy': 'frontegg', 'subAccountAccessAllowed': False, 'activatedForTenant': False}, {'id': 'd6a9544c-cb98-4837-b2bb-c7fc35ac8188', 'name': 'fgaetano+t2e3335nantcreate4412@supportyourapp.com', 'profilePictureUrl': 'https://www.gravatar.com/avatar/2fb901a94769651accab4267bd59c2dd?d=https://ui-avatars.com/api/fgaetano+t2e3335nantcreate4412@supportyourapp.com/128/random', 'email': 'fgaetano+t2e3335nantcreate4412@supportyourapp.com', 'sub': 'd6a9544c-cb98-4837-b2bb-c7fc35ac8188', 'verified': None, 'phoneNumber': None, 'provider': 'local', 'mfaEnrolled': False, 'metadata': None, 'vendorMetadata': None, 'tenantIds': ['tenant-id-sample'], 'tenantId': 'tenant-id-sample', 'createdAt': '2024-08-07T00:45:59.000Z', 'isLocked': False, 'tenants': [{'tenantId': 'tenant-id-sample', 'temporaryExpirationDate': None, 'isDisabled': False}], 'managedBy': 'frontegg', 'subAccountAccessAllowed': False, 'activatedForTenant': False}, {'id': '6faa5232-0ca7-4a06-a05b-01699439773a', 'name': 'fgaetano+t2e5nantcreate4412@supportyourapp.com', 'profilePictureUrl': 'https://www.gravatar.com/avatar/a87e3bd83bb49cad3b0495ed12973882?d=https://ui-avatars.com/api/fgaetano+t2e5nantcreate4412@supportyourapp.com/128/random', 'email': 'fgaetano+t2e5nantcreate4412@supportyourapp.com', 'sub': '6faa5232-0ca7-4a06-a05b-01699439773a', 'verified': None, 'phoneNumber': None, 'provider': 'local', 'mfaEnrolled': False, 'metadata': None, 'vendorMetadata': None, 'tenantIds': ['tenant-id-sample'], 'tenantId': 'tenant-id-sample', 'createdAt': '2024-08-07T00:44:47.000Z', 'isLocked': False, 'tenants': [{'tenantId': 'tenant-id-sample', 'temporaryExpirationDate': None, 'isDisabled': False}], 'managedBy': 'frontegg', 'subAccountAccessAllowed': False, 'activatedForTenant': False}, {'id': 'bbda9a2a-39f5-4dda-a092-7f9df5a11060', 'name': 'fgaetano+t2e5nantcreate12@supportyourapp.com', 'profilePictureUrl': 'https://www.gravatar.com/avatar/5a20b16ed1f04e7d467ee74b525a2c2c?d=https://ui-avatars.com/api/fgaetano+t2e5nantcreate12@supportyourapp.com/128/random', 'email': 'fgaetano+t2e5nantcreate12@supportyourapp.com', 'sub': 'bbda9a2a-39f5-4dda-a092-7f9df5a11060', 'verified': None, 'phoneNumber': None, 'provider': 'local', 'mfaEnrolled': False, 'metadata': None, 'vendorMetadata': None, 'tenantIds': ['tenant-id-sample'], 'tenantId': 'tenant-id-sample', 'createdAt': '2024-08-07T00:44:04.000Z', 'isLocked': False, 'tenants': [{'tenantId': 'tenant-id-sample', 'temporaryExpirationDate': None, 'isDisabled': False}], 'managedBy': 'frontegg', 'subAccountAccessAllowed': False, 'activatedForTenant': False}, {'id': '8bf2ba15-c5be-4d9b-91bb-47c588f9c4c1', 'name': 'fgaetano+t2enantcreate12@supportyourapp.com', 'profilePictureUrl': 'https://www.gravatar.com/avatar/e2656ad0385ea0f7a33f902e4fb13445?d=https://ui-avatars.com/api/fgaetano+t2enantcreate12@supportyourapp.com/128/random', 'email': 'fgaetano+t2enantcreate12@supportyourapp.com', 'sub': '8bf2ba15-c5be-4d9b-91bb-47c588f9c4c1', 'verified': None, 'phoneNumber': None, 'provider': 'local', 'mfaEnrolled': False, 'metadata': None, 'vendorMetadata': None, 'tenantIds': ['tenant-id-sample'], 'tenantId': 'tenant-id-sample', 'createdAt': '2024-08-07T00:42:23.000Z', 'isLocked': False, 'tenants': [{'tenantId': 'tenant-id-sample', 'temporaryExpirationDate': None, 'isDisabled': False}], 'managedBy': 'frontegg', 'subAccountAccessAllowed': False, 'activatedForTenant': False}, {'id': '58beb2c5-93a1-4482-ba80-044281c7a696', 'name': 'fgaetano+tenantcreate12@supportyourapp.com', 'profilePictureUrl': 'https://www.gravatar.com/avatar/f1c057106e4fb880158c3e3b248fa70e?d=https://ui-avatars.com/api/fgaetano+tenantcreate12@supportyourapp.com/128/random', 'email': 'fgaetano+tenantcreate12@supportyourapp.com', 'sub': '58beb2c5-93a1-4482-ba80-044281c7a696', 'verified': True, 'phoneNumber': None, 'provider': 'local', 'mfaEnrolled': False, 'metadata': None, 'vendorMetadata': None, 'tenantIds': ['tenant-id-sample'], 'tenantId': 'tenant-id-sample', 'createdAt': '2024-08-07T00:40:42.000Z', 'isLocked': False, 'tenants': [{'tenantId': 'tenant-id-sample', 'temporaryExpirationDate': None, 'isDisabled': False}], 'managedBy': 'frontegg', 'subAccountAccessAllowed': False, 'activatedForTenant': False}, {'id': '25a62168-5983-4ca7-ab8c-9204778ff4f3', 'name': 'fgaetano+tenantcreate1@supportyourapp.com', 'profilePictureUrl': 'https://www.gravatar.com/avatar/14f5fba22ae87dc7d469f68fff9b4a03?d=https://ui-avatars.com/api/fgaetano+tenantcreate1@supportyourapp.com/128/random', 'email': 'fgaetano+tenantcreate1@supportyourapp.com', 'sub': '25a62168-5983-4ca7-ab8c-9204778ff4f3', 'verified': None, 'phoneNumber': None, 'provider': 'local', 'mfaEnrolled': False, 'metadata': None, 'vendorMetadata': None, 'tenantIds': ['tenant-id-sample'], 'tenantId': 'tenant-id-sample', 'createdAt': '2024-08-07T00:40:10.000Z', 'isLocked': False, 'tenants': [{'tenantId': 'tenant-id-sample', 'temporaryExpirationDate': None, 'isDisabled': False}], 'managedBy': 'frontegg', 'subAccountAccessAllowed': False, 'activatedForTenant': False}, {'id': '4c464cdc-a64e-4c17-a4e7-1e580c8c0432', 'name': 'fgaetano+tenantcreate@supportyourapp.com', 'profilePictureUrl': 'https://www.gravatar.com/avatar/b07d5e1247019ff05fa417bc140d1dfa?d=https://ui-avatars.com/api/fgaetano+tenantcreate@supportyourapp.com/128/random', 'email': 'fgaetano+tenantcreate@supportyourapp.com', 'sub': '4c464cdc-a64e-4c17-a4e7-1e580c8c0432', 'verified': None, 'phoneNumber': None, 'provider': 'local', 'mfaEnrolled': False, 'metadata': None, 'vendorMetadata': None, 'tenantIds': ['tenant-id-sample'], 'tenantId': 'tenant-id-sample', 'createdAt': '2024-08-07T00:39:54.000Z', 'isLocked': False, 'tenants': [{'tenantId': 'tenant-id-sample', 'temporaryExpirationDate': None, 'isDisabled': False}], 'managedBy': 'frontegg', 'subAccountAccessAllowed': False, 'activatedForTenant': False}, {'id': 'bef1ee89-b10f-4c24-9a9e-84fd882e2f09', 'name': 'akasymova+147@supportyourapp.com', 'profilePictureUrl': 'https://www.gravatar.com/avatar/cc5f0a546675d6280444c236ced64013?d=https://ui-avatars.com/api/akasymova+147@supportyourapp.com/128/random', 'email': 'akasymova+147@supportyourapp.com', 'sub': 'bef1ee89-b10f-4c24-9a9e-84fd882e2f09', 'verified': True, 'phoneNumber': None, 'provider': 'local', 'mfaEnrolled': False, 'metadata': None, 'vendorMetadata': None, 'tenantIds': ['e25d7aa2-bf8c-4c54-9387-ae2119783160'], 'tenantId': 'e25d7aa2-bf8c-4c54-9387-ae2119783160', 'createdAt': '2024-08-06T11:10:28.000Z', 'isLocked': False, 'tenants': [{'tenantId': 'e25d7aa2-bf8c-4c54-9387-ae2119783160', 'temporaryExpirationDate': None, 'isDisabled': False}], 'managedBy': 'frontegg', 'subAccountAccessAllowed': False, 'activatedForTenant': False}, {'id': 'da476ff7-b8b3-4298-9bba-5282b4560e57', 'name': 'Aidai Kasymova', 'profilePictureUrl': 'https://lh3.googleusercontent.com/a/ACg8ocLiKigAeRa7oVdVde_vS-WmSEDsXBr1VqVQ6uBUnJQRlEh9aw=s96-c', 'email': 'aidai.kasy@support.frontegg.com', 'sub': 'da476ff7-b8b3-4298-9bba-5282b4560e57', 'verified': True, 'phoneNumber': None, 'provider': 'google', 'mfaEnrolled': False, 'metadata': '{}', 'vendorMetadata': None, 'tenantIds': ['041c9203-76f1-4cfa-9d10-fa5dc24e9e25'], 'tenantId': '041c9203-76f1-4cfa-9d10-fa5dc24e9e25', 'createdAt': '2024-08-06T04:43:24.000Z', 'isLocked': False, 'tenants': [{'tenantId': '041c9203-76f1-4cfa-9d10-fa5dc24e9e25', 'temporaryExpirationDate': None, 'isDisabled': False}], 'managedBy': 'frontegg', 'subAccountAccessAllowed': False, 'activatedForTenant': False}, {'id': 'c717ee2b-505d-402b-999c-86fb7ebf1659', 'name': 'oldTenettodelete1', 'profilePictureUrl': 'https://www.gravatar.com/avatar/40b1021109b083e9a08427a828d8d8e1?d=https://ui-avatars.com/api/oldTenettodelete1/128/random', 'email': 'fgaetano+testoldT@supportyourapp.com', 'sub': 'c717ee2b-505d-402b-999c-86fb7ebf1659', 'verified': None, 'phoneNumber': None, 'provider': 'local', 'mfaEnrolled': False, 'metadata': '{"lastTermsCheck":"2024-08-03T16:45:04.892Z"}', 'vendorMetadata': None, 'tenantIds': ['561b315f-8fcc-4a50-bb53-53e16349bd57'], 'tenantId': '561b315f-8fcc-4a50-bb53-53e16349bd57', 'createdAt': '2024-08-03T16:45:05.000Z', 'isLocked': False, 'tenants': [{'tenantId': '561b315f-8fcc-4a50-bb53-53e16349bd57', 'temporaryExpirationDate': None, 'isDisabled': False}], 'managedBy': 'frontegg', 'subAccountAccessAllowed': False, 'activatedForTenant': False}, {'id': '2c215d5a-7fa8-4715-be0a-02d8e7a81b1a', 'name': 'oldTenettodelete', 'profilePictureUrl': 'https://www.gravatar.com/avatar/b98273309b7cc24df2b422756422a2e9?d=https://ui-avatars.com/api/oldTenettodelete/128/random', 'email': 'fgaetano+testWH@supportyourapp.com', 'sub': '2c215d5a-7fa8-4715-be0a-02d8e7a81b1a', 'verified': None, 'phoneNumber': None, 'provider': 'local', 'mfaEnrolled': False, 'metadata': '{"lastTermsCheck":"2024-08-03T16:44:18.650Z"}', 'vendorMetadata': None, 'tenantIds': ['041c9203-76f1-4cfa-9d10-fa5dc24e9e25'], 'tenantId': '041c9203-76f1-4cfa-9d10-fa5dc24e9e25', 'createdAt': '2024-08-03T16:44:20.000Z', 'isLocked': False, 'tenants': [{'tenantId': '041c9203-76f1-4cfa-9d10-fa5dc24e9e25', 'temporaryExpirationDate': None, 'isDisabled': False}], 'managedBy': 'frontegg', 'subAccountAccessAllowed': False, 'activatedForTenant': False}, {'id': 'b27a7e7e-ec26-42bf-8311-79acec0df011', 'name': 'webhook', 'profilePictureUrl': 'https://www.gravatar.com/avatar/edfbdfc60a08d9502eec33c5d970272e?d=https://ui-avatars.com/api/webhook/128/random', 'email': 'fgaetano+webhook@supportyourapp.com', 'sub': 'b27a7e7e-ec26-42bf-8311-79acec0df011', 'verified': True, 'phoneNumber': None, 'provider': 'local', 'mfaEnrolled': False, 'metadata': '{"lastTermsCheck":"2024-08-03T16:32:45.420Z"}', 'vendorMetadata': None, 'tenantIds': ['561b315f-8fcc-4a50-bb53-53e16349bd57'], 'tenantId': '561b315f-8fcc-4a50-bb53-53e16349bd57', 'createdAt': '2024-08-03T16:31:08.000Z', 'isLocked': False, 'tenants': [{'tenantId': '561b315f-8fcc-4a50-bb53-53e16349bd57', 'temporaryExpirationDate': None, 'isDisabled': False}], 'managedBy': 'frontegg', 'subAccountAccessAllowed': False, 'activatedForTenant': False}, {'id': '17994735-2cfb-4859-b631-2a460b231e76', 'name': 'admin acc', 'profilePictureUrl': 'https://www.gravatar.com/avatar/c7801615f56cfbd280ce8d35468ae4f0?d=https://ui-avatars.com/api/admin+acc/128/random', 'email': 'fgaetano+admin@supportyourapp.com', 'sub': '17994735-2cfb-4859-b631-2a460b231e76', 'verified': True, 'phoneNumber': None, 'provider': 'local', 'mfaEnrolled': False, 'metadata': '{"lastTermsCheck":"2024-08-02T17:43:30.006Z"}', 'vendorMetadata': None, 'tenantIds': ['5916cc47-c082-4218-90e7-a0cbff299959'], 'tenantId': '5916cc47-c082-4218-90e7-a0cbff299959', 'createdAt': '2024-08-02T17:43:30.000Z', 'isLocked': False, 'tenants': [{'tenantId': '5916cc47-c082-4218-90e7-a0cbff299959', 'temporaryExpirationDate': None, 'isDisabled': False}], 'managedBy': 'frontegg', 'subAccountAccessAllowed': False, 'activatedForTenant': False}, {'id': '6b36188e-2088-409a-a787-1cd81ed98d4f', 'name': 'testPN', 'profilePictureUrl': 'https://www.gravatar.com/avatar/c159b8361e398ed6d3b809d1ea4ce133?d=https://ui-avatars.com/api/testPN/128/random', 'email': 'fgaetano+001@supportyourapp.com', 'sub': '6b36188e-2088-409a-a787-1cd81ed98d4f', 'verified': True, 'phoneNumber': None, 'provider': 'local', 'mfaEnrolled': False, 'metadata': '{"lastTermsCheck":"2024-08-02T17:09:38.691Z"}', 'vendorMetadata': None, 'tenantIds': ['561b315f-8fcc-4a50-bb53-53e16349bd57', '2021a2e3-b912-4649-9fbd-a040ad864c68'], 'tenantId': '2021a2e3-b912-4649-9fbd-a040ad864c68', 'createdAt': '2024-08-02T17:09:39.000Z', 'isLocked': False, 'tenants': [{'tenantId': '561b315f-8fcc-4a50-bb53-53e16349bd57', 'temporaryExpirationDate': None, 'isDisabled': False}, {'tenantId': '2021a2e3-b912-4649-9fbd-a040ad864c68', 'temporaryExpirationDate': None, 'isDisabled': False}], 'managedBy': 'frontegg', 'subAccountAccessAllowed': False, 'activatedForTenant': False}, {'id': '69518a75-afe1-4b1f-b894-d4f581dd8576', 'name': 'test1', 'profilePictureUrl': 'https://www.gravatar.com/avatar/d1ebf7ccc3f91d3b7330b65a468380da?d=https://ui-avatars.com/api/test1/128/random', 'email': 'df_jd1k_sd@something.de', 'sub': '69518a75-afe1-4b1f-b894-d4f581dd8576', 'verified': None, 'phoneNumber': None, 'provider': 'local', 'mfaEnrolled': False, 'metadata': '{"lastTermsCheck":"2024-08-02T14:33:31.180Z"}', 'vendorMetadata': None, 'tenantIds': ['561b315f-8fcc-4a50-bb53-53e16349bd57', 'd4ee5b91-8957-4d53-9390-23cd691cbc1a'], 'tenantId': 'd4ee5b91-8957-4d53-9390-23cd691cbc1a', 'createdAt': '2024-08-02T14:33:31.000Z', 'isLocked': False, 'tenants': [{'tenantId': '561b315f-8fcc-4a50-bb53-53e16349bd57', 'temporaryExpirationDate': None, 'isDisabled': False}, {'tenantId': 'd4ee5b91-8957-4d53-9390-23cd691cbc1a', 'temporaryExpirationDate': None, 'isDisabled': False}], 'managedBy': 'frontegg', 'subAccountAccessAllowed': False, 'activatedForTenant': False}, {'id': '827f6a29-3c74-4a9a-bc82-1bb0891db8be', 'name': 'test', 'profilePictureUrl': 'https://www.gravatar.com/avatar/2a6f2ce6cd59b43075961bb8c80b59d4?d=https://ui-avatars.com/api/test/128/random', 'email': 'fgaetano+df_jdk_sd@supportyourapp.com', 'sub': '827f6a29-3c74-4a9a-bc82-1bb0891db8be', 'verified': True, 'phoneNumber': None, 'provider': 'local', 'mfaEnrolled': False, 'metadata': '{"lastTermsCheck":"2024-08-02T14:30:21.558Z"}', 'vendorMetadata': None, 'tenantIds': ['b0cc5987-40fb-4c07-ac8e-3163c2271a6f', '561b315f-8fcc-4a50-bb53-53e16349bd57'], 'tenantId': 'b0cc5987-40fb-4c07-ac8e-3163c2271a6f', 'createdAt': '2024-08-02T14:30:22.000Z', 'isLocked': False, 'tenants': [{'tenantId': 'b0cc5987-40fb-4c07-ac8e-3163c2271a6f', 'temporaryExpirationDate': None, 'isDisabled': False}, {'tenantId': '561b315f-8fcc-4a50-bb53-53e16349bd57', 'temporaryExpirationDate': None, 'isDisabled': False}], 'managedBy': 'frontegg', 'subAccountAccessAllowed': False, 'activatedForTenant': False}, {'id': '675a71c2-f4df-4372-aa1d-4367c7298534', 'name': 'kasymaidai+new@gmail.com', 'profilePictureUrl': 'https://www.gravatar.com/avatar/f369cbccec9106b3211f05605c481635?d=https://ui-avatars.com/api/kasymaidai+new@gmail.com/128/random', 'email': 'kasymaidai+new@gmail.com', 'sub': '675a71c2-f4df-4372-aa1d-4367c7298534', 'verified': None, 'phoneNumber': None, 'provider': 'local', 'mfaEnrolled': False, 'metadata': None, 'vendorMetadata': None, 'tenantIds': ['e7c3c603-bcda-4202-bcab-97b3db0c95dc'], 'tenantId': 'e7c3c603-bcda-4202-bcab-97b3db0c95dc', 'createdAt': '2024-08-02T10:58:03.000Z', 'isLocked': False, 'tenants': [{'tenantId': 'e7c3c603-bcda-4202-bcab-97b3db0c95dc', 'temporaryExpirationDate': None, 'isDisabled': False}], 'managedBy': 'frontegg', 'subAccountAccessAllowed': False, 'activatedForTenant': False}, {'id': 'a0006f30-0614-403a-bba3-e4ea0efa315b', 'name': 'kasymaidai@gmail.com', 'profilePictureUrl': 'https://www.gravatar.com/avatar/f3cdd5754705d4a085b1b1f1757efa7d?d=https://ui-avatars.com/api/kasymaidai@gmail.com/128/random', 'email': 'kasymaidai@gmail.com', 'sub': 'a0006f30-0614-403a-bba3-e4ea0efa315b', 'verified': None, 'phoneNumber': None, 'provider': 'local', 'mfaEnrolled': False, 'metadata': None, 'vendorMetadata': None, 'tenantIds': ['b5564588-0fb0-433e-b2a8-882c73718dcd'], 'tenantId': 'b5564588-0fb0-433e-b2a8-882c73718dcd', 'createdAt': '2024-08-02T10:52:23.000Z', 'isLocked': False, 'tenants': [{'tenantId': 'b5564588-0fb0-433e-b2a8-882c73718dcd', 'temporaryExpirationDate': None, 'isDisabled': False}], 'managedBy': 'frontegg', 'subAccountAccessAllowed': False, 'activatedForTenant': False}, {'id': '929ae51f-0fc0-4cfb-a0be-a49ad0369a6a', 'name': 'Aidai Kasymova', 'profilePictureUrl': 'https://lh3.googleusercontent.com/a/ACg8ocJIlEuAWI90vETl9MpMqeS2LSMnNrSZHyu5GQb5En5I6e28no8=s96-c', 'email': 'akasymova@supportyourapp.com', 'sub': '929ae51f-0fc0-4cfb-a0be-a49ad0369a6a', 'verified': True, 'phoneNumber': None, 'provider': 'google', 'mfaEnrolled': False, 'metadata': '{}', 'vendorMetadata': None, 'tenantIds': ['b5564588-0fb0-433e-b2a8-882c73718dcd'], 'tenantId': 'b5564588-0fb0-433e-b2a8-882c73718dcd', 'createdAt': '2024-08-02T08:24:58.000Z', 'isLocked': False, 'tenants': [{'tenantId': 'b5564588-0fb0-433e-b2a8-882c73718dcd', 'temporaryExpirationDate': None, 'isDisabled': False}], 'managedBy': 'frontegg', 'subAccountAccessAllowed': False, 'activatedForTenant': False}, {'id': '96d17c77-963b-4fb1-b566-515038ac1745', 'name': '123123', 'profilePictureUrl': 'https://www.gravatar.com/avatar/a166b8f730bb229ec6173d845cfa7c0c?d=https://ui-avatars.com/api/123123/128/random', 'email': 'fgaetano+123123@supportyourapp.com', 'sub': '96d17c77-963b-4fb1-b566-515038ac1745', 'verified': None, 'phoneNumber': None, 'provider': 'local', 'mfaEnrolled': False, 'metadata': '{"lastTermsCheck":"2024-07-30T18:49:16.294Z"}', 'vendorMetadata': None, 'tenantIds': ['e7c3c603-bcda-4202-bcab-97b3db0c95dc'], 'tenantId': 'e7c3c603-bcda-4202-bcab-97b3db0c95dc', 'createdAt': '2024-07-30T18:49:17.000Z', 'isLocked': True, 'tenants': [{'tenantId': 'e7c3c603-bcda-4202-bcab-97b3db0c95dc', 'temporaryExpirationDate': None, 'isDisabled': False}], 'managedBy': 'frontegg', 'subAccountAccessAllowed': False, 'activatedForTenant': False}, {'id': '4e34ccd9-38fc-45de-9b7a-a21a56c9ee21', 'name': 'testph2', 'profilePictureUrl': 'https://www.gravatar.com/avatar/a20d638451b5a9493b88c9a0acf57590?d=https://ui-avatars.com/api/testph2/128/random', 'email': 'fgaetano+testph2@supportyourapp.com', 'sub': '4e34ccd9-38fc-45de-9b7a-a21a56c9ee21', 'verified': None, 'phoneNumber': None, 'provider': 'local', 'mfaEnrolled': False, 'metadata': '{"lastTermsCheck":"2024-07-30T18:18:56.912Z"}', 'vendorMetadata': None, 'tenantIds': ['0a9fb25c-bbc6-40c4-a0db-304ce09b76a4'], 'tenantId': '0a9fb25c-bbc6-40c4-a0db-304ce09b76a4', 'createdAt': '2024-07-30T18:18:58.000Z', 'isLocked': False, 'tenants': [{'tenantId': '0a9fb25c-bbc6-40c4-a0db-304ce09b76a4', 'temporaryExpirationDate': None, 'isDisabled': False}], 'managedBy': 'frontegg', 'subAccountAccessAllowed': False, 'activatedForTenant': False}, {'id': 'e5bc321f-e5da-49dc-9f77-d46dbc91bb9b', 'name': 'testph1', 'profilePictureUrl': 'https://www.gravatar.com/avatar/28a65defe046e8aa709579956d252a1c?d=https://ui-avatars.com/api/testph1/128/random', 'email': 'fgaetano+testph1@supportyourapp.com', 'sub': 'e5bc321f-e5da-49dc-9f77-d46dbc91bb9b', 'verified': None, 'phoneNumber': None, 'provider': 'local', 'mfaEnrolled': False, 'metadata': '{"lastTermsCheck":"2024-07-30T18:18:01.664Z"}', 'vendorMetadata': None, 'tenantIds': ['1843beec-b9bb-490a-9279-bb205984cf63'], 'tenantId': '1843beec-b9bb-490a-9279-bb205984cf63', 'createdAt': '2024-07-30T18:18:02.000Z', 'isLocked': False, 'tenants': [{'tenantId': '1843beec-b9bb-490a-9279-bb205984cf63', 'temporaryExpirationDate': None, 'isDisabled': False}], 'managedBy': 'frontegg', 'subAccountAccessAllowed': False, 'activatedForTenant': False}, {'id': 'de1ec8eb-12ea-4c51-9b1f-060bb75cef58', 'name': 'testph', 'profilePictureUrl': 'https://www.gravatar.com/avatar/18197ebced5be7aa9da8e1ad77efe405?d=https://ui-avatars.com/api/testph/128/random', 'email': 'fgaetano+testph@supportyourapp.com', 'sub': 'de1ec8eb-12ea-4c51-9b1f-060bb75cef58', 'verified': None, 'phoneNumber': None, 'provider': 'local', 'mfaEnrolled': False, 'metadata': '{"lastTermsCheck":"2024-07-30T18:16:06.214Z"}', 'vendorMetadata': None, 'tenantIds': ['4550ef6e-adc7-42f7-aa91-8451f370a3f9'], 'tenantId': '4550ef6e-adc7-42f7-aa91-8451f370a3f9', 'createdAt': '2024-07-30T18:16:07.000Z', 'isLocked': False, 'tenants': [{'tenantId': '4550ef6e-adc7-42f7-aa91-8451f370a3f9', 'temporaryExpirationDate': None, 'isDisabled': False}], 'managedBy': 'frontegg', 'subAccountAccessAllowed': False, 'activatedForTenant': False}, {'id': '41b77a4d-a60b-4d94-b63e-03b5404c0d00', 'name': 'set pwd sample', 'profilePictureUrl': 'https://www.gravatar.com/avatar/9a127b2e5c509fc1d218275bfc349d65?d=https://ui-avatars.com/api/set+pwd+sample/128/random', 'email': 'fgaetano+setpwdsample@supportyourapp.com', 'sub': '41b77a4d-a60b-4d94-b63e-03b5404c0d00', 'verified': None, 'phoneNumber': None, 'provider': 'local', 'mfaEnrolled': False, 'metadata': '{"lastTermsCheck":"2024-07-29T16:52:18.329Z"}', 'vendorMetadata': None, 'tenantIds': ['561b315f-8fcc-4a50-bb53-53e16349bd57'], 'tenantId': '561b315f-8fcc-4a50-bb53-53e16349bd57', 'createdAt': '2024-07-29T16:52:18.000Z', 'isLocked': False, 'tenants': [{'tenantId': '561b315f-8fcc-4a50-bb53-53e16349bd57', 'temporaryExpirationDate': None, 'isDisabled': False}], 'managedBy': 'frontegg', 'subAccountAccessAllowed': False, 'activatedForTenant': False}, {'id': 'b3555af4-f2fb-4601-ba1c-5b8555794897', 'name': 'Cernautan', 'profilePictureUrl': 'https://www.gravatar.com/avatar/da398461e6da1e2ed180e886b0829380?d=https://ui-avatars.com/api/Cernautan/128/random', 'email': 'adelina_adelin9@yahoo.com', 'sub': 'b3555af4-f2fb-4601-ba1c-5b8555794897', 'verified': None, 'phoneNumber': None, 'provider': 'local', 'mfaEnrolled': False, 'metadata': None, 'vendorMetadata': None, 'tenantIds': ['952783fa-289d-45eb-bd23-58955e19584a'], 'tenantId': '952783fa-289d-45eb-bd23-58955e19584a', 'createdAt': '2024-02-26T15:31:55.000Z', 'isLocked': False, 'tenants': [{'tenantId': '952783fa-289d-45eb-bd23-58955e19584a', 'temporaryExpirationDate': None, 'isDisabled': False}], 'managedBy': 'frontegg', 'subAccountAccessAllowed': False, 'activatedForTenant': False}, {'id': 'c68fa2dc-85fd-4fdc-9e21-2ba592c2fbaa', 'name': 'Adelin Cernautan', 'profilePictureUrl': 'https://www.gravatar.com/avatar/9c503dcc2e74fa060542efcb7a09b992?d=https://ui-avatars.com/api/Adelin+Cernautan/128/random', 'email': 'varanudorm62@gmail.com', 'sub': 'c68fa2dc-85fd-4fdc-9e21-2ba592c2fbaa', 'verified': True, 'phoneNumber': None, 'provider': 'saml', 'mfaEnrolled': False, 'metadata': '{"lastTermsCheck":"2024-01-10T20:42:28.701Z"}', 'vendorMetadata': None, 'tenantIds': ['952783fa-289d-45eb-bd23-58955e19584a'], 'tenantId': '952783fa-289d-45eb-bd23-58955e19584a', 'createdAt': '2024-01-10T20:42:29.000Z', 'isLocked': False, 'tenants': [{'tenantId': '952783fa-289d-45eb-bd23-58955e19584a', 'temporaryExpirationDate': None, 'isDisabled': False}], 'managedBy': 'frontegg', 'subAccountAccessAllowed': False, 'superUser': True, 'activatedForTenant': False}, {'id': 'a8e31ecf-3717-4827-b0f4-ec2532ecf831', 'name': 'Bogdan Test1', 'profilePictureUrl': 'https://www.gravatar.com/avatar/95268a2dca4dd5e2f715a6005d3f0508?d=https://ui-avatars.com/api/Bogdan+Test1/128/random', 'email': 'bpecanac+5@supportyourapp.com', 'sub': 'a8e31ecf-3717-4827-b0f4-ec2532ecf831', 'verified': None, 'phoneNumber': None, 'provider': 'local', 'mfaEnrolled': False, 'metadata': None, 'vendorMetadata': None, 'tenantIds': ['2cf1bda9-bad6-4101-a403-f1c4d2772a59'], 'tenantId': '2cf1bda9-bad6-4101-a403-f1c4d2772a59', 'createdAt': '2023-09-13T08:08:04.000Z', 'isLocked': False, 'tenants': [{'tenantId': '2cf1bda9-bad6-4101-a403-f1c4d2772a59', 'temporaryExpirationDate': None, 'isDisabled': False}], 'managedBy': 'frontegg', 'subAccountAccessAllowed': False, 'activatedForTenant': False}, {'id': '919c85c3-5302-48e3-8884-662bbcc1ba7e', 'name': 'Erman Gozubuyukogullari New Tenant-2', 'profilePictureUrl': 'https://www.gravatar.com/avatar/a9908cd7297a97208d305939bdb9baa3?d=https://ui-avatars.com/api/Erman+Gozubuyukogullari+New+Tenant-2/128/random', 'email': 'mgozubuyukogullari+41@supportyourapp.com', 'sub': '919c85c3-5302-48e3-8884-662bbcc1ba7e', 'verified': True, 'phoneNumber': None, 'provider': 'local', 'mfaEnrolled': False, 'metadata': '{"lastTermsCheck":"2023-04-23T09:30:07.630Z"}', 'vendorMetadata': None, 'tenantIds': ['5a17222a-7c20-4eab-b9a6-608af32809f2'], 'tenantId': '5a17222a-7c20-4eab-b9a6-608af32809f2', 'createdAt': '2023-04-23T09:29:41.000Z', 'isLocked': False, 'tenants': [{'tenantId': '5a17222a-7c20-4eab-b9a6-608af32809f2', 'temporaryExpirationDate': None, 'isDisabled': False}], 'managedBy': 'frontegg', 'subAccountAccessAllowed': False, 'activatedForTenant': False}, {'id': '44f57c85-d1ff-49ea-8a60-bb731bacae92', 'name': 'Erman New Tenant-1 user', 'profilePictureUrl': 'https://www.gravatar.com/avatar/91c0613d99c76039022ba62335e6cf57?d=https://ui-avatars.com/api/Erman+New+Tenant-1+user/128/random', 'email': 'mgozubuyukogullari+40@supportyourapp.com', 'sub': '44f57c85-d1ff-49ea-8a60-bb731bacae92', 'verified': True, 'phoneNumber': None, 'provider': 'local', 'mfaEnrolled': False, 'metadata': '{"lastTermsCheck":"2023-04-23T09:27:17.069Z"}', 'vendorMetadata': None, 'tenantIds': ['51e731ee-891e-4d85-a4e2-5b28901d9379', '5a17222a-7c20-4eab-b9a6-608af32809f2'], 'tenantId': '5a17222a-7c20-4eab-b9a6-608af32809f2', 'createdAt': '2023-04-23T09:26:25.000Z', 'isLocked': False, 'tenants': [{'tenantId': '51e731ee-891e-4d85-a4e2-5b28901d9379', 'temporaryExpirationDate': None, 'isDisabled': False}, {'tenantId': '5a17222a-7c20-4eab-b9a6-608af32809f2', 'temporaryExpirationDate': None, 'isDisabled': False}], 'managedBy': 'frontegg', 'subAccountAccessAllowed': False, 'activatedForTenant': False}, {'id': '7dc45554-96e5-42bc-ac04-b4e7bb9b2008', 'name': 'Erman G.', 'profilePictureUrl': 'https://www.gravatar.com/avatar/71b08884193834232262edecfad137f0?d=https://ui-avatars.com/api/Erman+G./128/random', 'email': 'mgozubuyukogullari+36@supportyourapp.com', 'sub': '7dc45554-96e5-42bc-ac04-b4e7bb9b2008', 'verified': True, 'phoneNumber': None, 'provider': 'local', 'mfaEnrolled': False, 'metadata': '{"lastTermsCheck":"2023-04-23T09:15:08.815Z"}', 'vendorMetadata': None, 'tenantIds': ['b68f21a0-cbea-4582-a3a7-36b52f2869b1'], 'tenantId': 'b68f21a0-cbea-4582-a3a7-36b52f2869b1', 'createdAt': '2023-04-23T09:14:33.000Z', 'isLocked': False, 'tenants': [{'tenantId': 'b68f21a0-cbea-4582-a3a7-36b52f2869b1', 'temporaryExpirationDate': None, 'isDisabled': False}], 'managedBy': 'frontegg', 'subAccountAccessAllowed': False, 'activatedForTenant': False}, {'id': '6a66a00e-cc46-40ef-a4b1-cdf32e536856', 'name': 'Erman', 'profilePictureUrl': 'https://www.gravatar.com/avatar/2635a2d58a9be68019e51cc2b4598a43?d=https://ui-avatars.com/api/Erman/128/random', 'email': 'mgozubuyukogullari+35@supportyourapp.com', 'sub': '6a66a00e-cc46-40ef-a4b1-cdf32e536856', 'verified': True, 'phoneNumber': None, 'provider': 'local', 'mfaEnrolled': False, 'metadata': '{"lastTermsCheck":"2023-04-23T08:35:12.932Z"}', 'vendorMetadata': None, 'tenantIds': ['b68f21a0-cbea-4582-a3a7-36b52f2869b1'], 'tenantId': 'b68f21a0-cbea-4582-a3a7-36b52f2869b1', 'createdAt': '2023-04-23T08:34:38.000Z', 'isLocked': False, 'tenants': [{'tenantId': 'b68f21a0-cbea-4582-a3a7-36b52f2869b1', 'temporaryExpirationDate': None, 'isDisabled': False}], 'managedBy': 'frontegg', 'subAccountAccessAllowed': False, 'activatedForTenant': False}, {'id': '558aa6cc-7a7c-4ea2-b28c-304acea09412', 'name': 'Erman G.', 'profilePictureUrl': 'https://www.gravatar.com/avatar/371241eee8fa7501d6a9d0dc7d6cab72?d=https://ui-avatars.com/api/Erman+G./128/random', 'email': 'mgozubuyukogullari@supportyourapp.com', 'sub': '558aa6cc-7a7c-4ea2-b28c-304acea09412', 'verified': True, 'phoneNumber': None, 'provider': 'local', 'mfaEnrolled': False, 'metadata': '{"lastTermsCheck":"2023-04-23T08:33:24.565Z"}', 'vendorMetadata': None, 'tenantIds': ['b68f21a0-cbea-4582-a3a7-36b52f2869b1'], 'tenantId': 'b68f21a0-cbea-4582-a3a7-36b52f2869b1', 'createdAt': '2023-04-23T08:32:24.000Z', 'isLocked': False, 'tenants': [{'tenantId': 'b68f21a0-cbea-4582-a3a7-36b52f2869b1', 'temporaryExpirationDate': None, 'isDisabled': False}], 'managedBy': 'frontegg', 'subAccountAccessAllowed': False, 'activatedForTenant': False}]}
